Using pre-set license
Built from '2021.3/staging' branch; Version is '2021.3.9f1 (ad3870b89536) revision 11352176'; Using compiler version '192829333'; Build Type 'Release'
OS: 'Windows 10  (10.0.19044) 64bit Core' Language: 'en' Physical Memory: 32686 MB
BatchMode: 1, IsHumanControllingUs: 0, StartBugReporterOnCrash: 0, Is64bit: 1, IsPro: 1

COMMAND LINE ARGUMENTS:
C:\Program Files\Unity\Hub\Editor\2021.3.9f1\Editor\Unity.exe
-adb2
-batchMode
-noUpm
-name
AssetImportWorker4
-projectPath
D:/UnityProjects/clicker/Clicker
-logFile
Logs/AssetImportWorker4.log
-srvPort
54052
Successfully changed project path to: D:/UnityProjects/clicker/Clicker
D:/UnityProjects/clicker/Clicker
[UnityMemory] Configuration Parameters - Can be set up in boot.config
    "memorysetup-bucket-allocator-granularity=16"
    "memorysetup-bucket-allocator-bucket-count=8"
    "memorysetup-bucket-allocator-block-size=33554432"
    "memorysetup-bucket-allocator-block-count=8"
    "memorysetup-main-allocator-block-size=16777216"
    "memorysetup-thread-allocator-block-size=16777216"
    "memorysetup-gfx-main-allocator-block-size=16777216"
    "memorysetup-gfx-thread-allocator-block-size=16777216"
    "memorysetup-cache-allocator-block-size=4194304"
    "memorysetup-typetree-allocator-block-size=2097152"
    "memorysetup-profiler-bucket-allocator-granularity=16"
    "memorysetup-profiler-bucket-allocator-bucket-count=8"
    "memorysetup-profiler-bucket-allocator-block-size=33554432"
    "memorysetup-profiler-bucket-allocator-block-count=8"
    "memorysetup-profiler-allocator-block-size=16777216"
    "memorysetup-profiler-editor-allocator-block-size=1048576"
    "memorysetup-temp-allocator-size-main=16777216"
    "memorysetup-job-temp-allocator-block-size=2097152"
    "memorysetup-job-temp-allocator-block-size-background=1048576"
    "memorysetup-job-temp-allocator-reduction-small-platforms=262144"
    "memorysetup-temp-allocator-size-background-worker=32768"
    "memorysetup-temp-allocator-size-job-worker=262144"
    "memorysetup-temp-allocator-size-preload-manager=33554432"
    "memorysetup-temp-allocator-size-nav-mesh-worker=65536"
    "memorysetup-temp-allocator-size-audio-worker=65536"
    "memorysetup-temp-allocator-size-cloud-worker=32768"
    "memorysetup-temp-allocator-size-gi-baking-worker=262144"
    "memorysetup-temp-allocator-size-gfx=262144"
Refreshing native plugins compatible for Editor in 126.05 ms, found 4 plugins.
Preloading 0 native plugins for Editor in 0.00 ms.
Initialize engine version: 2021.3.9f1 (ad3870b89536)
[Subsystems] Discovering subsystems at path C:/Program Files/Unity/Hub/Editor/2021.3.9f1/Editor/Data/Resources/UnitySubsystems
[Subsystems] Discovering subsystems at path D:/UnityProjects/clicker/Clicker/Assets
GfxDevice: creating device client; threaded=0; jobified=0
Direct3D:
    Version:  Direct3D 11.0 [level 11.1]
    Renderer: NVIDIA GeForce RTX 3080 (ID=0x2206)
    Vendor:   NVIDIA
    VRAM:     10077 MB
    Driver:   31.0.15.1694
Initialize mono
Mono path[0] = 'C:/Program Files/Unity/Hub/Editor/2021.3.9f1/Editor/Data/Managed'
Mono path[1] = 'C:/Program Files/Unity/Hub/Editor/2021.3.9f1/Editor/Data/MonoBleedingEdge/lib/mono/unityjit-win32'
Mono config path = 'C:/Program Files/Unity/Hub/Editor/2021.3.9f1/Editor/Data/MonoBleedingEdge/etc'
Using monoOptions --debugger-agent=transport=dt_socket,embedding=1,server=y,suspend=n,address=127.0.0.1:56080
Begin MonoManager ReloadAssembly
Registering precompiled unity dll's ...
Register platform support module: C:/Program Files/Unity/Hub/Editor/2021.3.9f1/Editor/Data/PlaybackEngines/AndroidPlayer/UnityEditor.Android.Extensions.dll
Register platform support module: C:/Program Files/Unity/Hub/Editor/2021.3.9f1/Editor/Data/PlaybackEngines/WindowsStandaloneSupport/UnityEditor.WindowsStandalone.Extensions.dll
Registered in 0.007491 seconds.
Native extension for WindowsStandalone target not found
Native extension for Android target not found
Refreshing native plugins compatible for Editor in 154.61 ms, found 4 plugins.
Preloading 0 native plugins for Editor in 0.00 ms.
Mono: successfully reloaded assembly
- Completed reload, in  0.822 seconds
Domain Reload Profiling:
	ReloadAssembly (822ms)
		BeginReloadAssembly (93ms)
			ExecutionOrderSort (0ms)
			DisableScriptedObjects (0ms)
			BackupInstance (0ms)
			ReleaseScriptingObjects (0ms)
			CreateAndSetChildDomain (1ms)
		EndReloadAssembly (609ms)
			LoadAssemblies (92ms)
			RebuildTransferFunctionScriptingTraits (0ms)
			SetupTypeCache (127ms)
			ReleaseScriptCaches (0ms)
			RebuildScriptCaches (30ms)
			SetupLoadedEditorAssemblies (389ms)
				LogAssemblyErrors (0ms)
				InitializePlatformSupportModulesInManaged (69ms)
				SetLoadedEditorAssemblies (0ms)
				RefreshPlugins (155ms)
				BeforeProcessingInitializeOnLoad (1ms)
				ProcessInitializeOnLoadAttributes (107ms)
				ProcessInitializeOnLoadMethodAttributes (57ms)
				AfterProcessingInitializeOnLoad (0ms)
				EditorAssembliesLoaded (0ms)
			ExecutionOrderSort2 (0ms)
			AwakeInstancesAfterBackupRestoration (0ms)
Platform modules already initialized, skipping
Registering precompiled user dll's ...
Registered in 0.006782 seconds.
Begin MonoManager ReloadAssembly
Symbol file LoadedFromMemory doesn't match image D:\UnityProjects\clicker\Clicker\Library\PackageCache\com.unity.visualscripting@1.7.8\Editor\VisualScripting.Core\Dependencies\YamlDotNet\Unity.VisualScripting.YamlDotNet.dll
Symbol file LoadedFromMemory doesn't match image D:\UnityProjects\clicker\Clicker\Library\PackageCache\com.unity.visualscripting@1.7.8\Editor\VisualScripting.Core\Dependencies\DotNetZip\Unity.VisualScripting.IonicZip.dll
Native extension for WindowsStandalone target not found
Native extension for Android target not found
Refreshing native plugins compatible for Editor in 88.63 ms, found 4 plugins.
Preloading 0 native plugins for Editor in 0.00 ms.
Mono: successfully reloaded assembly
Package Manager log level set to [2]
- Completed reload, in  1.232 seconds
Domain Reload Profiling:
	ReloadAssembly (1233ms)
		BeginReloadAssembly (221ms)
			ExecutionOrderSort (0ms)
			DisableScriptedObjects (5ms)
			BackupInstance (0ms)
			ReleaseScriptingObjects (0ms)
			CreateAndSetChildDomain (134ms)
		EndReloadAssembly (906ms)
			LoadAssemblies (86ms)
			RebuildTransferFunctionScriptingTraits (0ms)
			SetupTypeCache (235ms)
			ReleaseScriptCaches (1ms)
			RebuildScriptCaches (56ms)
			SetupLoadedEditorAssemblies (486ms)
				LogAssemblyErrors (0ms)
				InitializePlatformSupportModulesInManaged (12ms)
				SetLoadedEditorAssemblies (0ms)
				RefreshPlugins (89ms)
				BeforeProcessingInitializeOnLoad (108ms)
				ProcessInitializeOnLoadAttributes (232ms)
				ProcessInitializeOnLoadMethodAttributes (38ms)
				AfterProcessingInitializeOnLoad (7ms)
				EditorAssembliesLoaded (0ms)
			ExecutionOrderSort2 (0ms)
			AwakeInstancesAfterBackupRestoration (4ms)
Platform modules already initialized, skipping
========================================================================
Worker process is ready to serve import requests
Launched and connected shader compiler UnityShaderCompiler.exe after 0.03 seconds
Refreshing native plugins compatible for Editor in 0.81 ms, found 4 plugins.
Preloading 0 native plugins for Editor in 0.00 ms.
Unloading 4328 Unused Serialized files (Serialized files now loaded: 0)
Unloading 60 unused Assets / (223.6 KB). Loaded Objects now: 4765.
Memory consumption went from 161.6 MB to 161.4 MB.
Total: 3.104200 ms (FindLiveObjects: 0.318700 ms CreateObjectMapping: 0.273100 ms MarkObjects: 2.380600 ms  DeleteObjects: 0.131200 ms)

AssetImportParameters requested are different than current active one (requested -> active):
  custom:video-decoder-ogg-theora: a1e56fd34408186e4bbccfd4996cb3dc -> 
  custom:container-muxer-webm: aa71ff27fc2769a1b78a27578f13a17b -> 
  custom:container-demuxer-webm: 4f35f7cbe854078d1ac9338744f61a02 -> 
  custom:video-encoder-webm-vp8: eb34c28f22e8b96e1ab97ce403110664 -> 
  custom:audio-encoder-webm-vorbis: bf7c407c2cedff20999df2af8eb42d56 -> 
  custom:framework-win-MediaFoundation: 216162199b28c13a410421893ffa2e32 -> 
  custom:container-demuxer-ogg: 62fdf1f143b41e24485cea50d1cbac27 -> 
  custom:video-decoder-webm-vp8: 9c59270c3fd7afecdb556c50c9e8de78 -> 
  custom:audio-decoder-ogg-vorbis: bf7c407c2cedff20999df2af8eb42d56 -> 
========================================================================
Received Import Request.
  Time since last request: 1127515.988007 seconds.
  path: Assets/Gems and gold/Diamonds Glow/Chest/PNG 512/Chest ColorD.png
  artifactKey: Guid(5892c064d8c9f9d4191d17256c7783b0) Importer(815301076,1909f56bfc062723c751e8b465ee728b)
Start importing Assets/Gems and gold/Diamonds Glow/Chest/PNG 512/Chest ColorD.png using Guid(5892c064d8c9f9d4191d17256c7783b0) Importer(815301076,1909f56bfc062723c751e8b465ee728b)  -> (artifact id: '3c2f70df1025771f33a7ca714cb2e913') in 0.142725 seconds 
========================================================================
Received Import Request.
  Time since last request: 0.000043 seconds.
  path: Assets/Gems and gold/Diamonds/Chest/PNG 256/Chest YD.png
  artifactKey: Guid(e4576efaae6d93048b40b74b4e17bd4e) Importer(815301076,1909f56bfc062723c751e8b465ee728b)
Start importing Assets/Gems and gold/Diamonds/Chest/PNG 256/Chest YD.png using Guid(e4576efaae6d93048b40b74b4e17bd4e) Importer(815301076,1909f56bfc062723c751e8b465ee728b)  -> (artifact id: 'f9f5f10b48453e371828eea750343109') in 0.034495 seconds 
========================================================================
Received Import Request.
  Time since last request: 0.000036 seconds.
  path: Assets/Gems and gold/Diamonds/Chest/PNG 512/Chest GD.png
  artifactKey: Guid(ec0d008b85fa9d047bc58b797baaa4e0) Importer(815301076,1909f56bfc062723c751e8b465ee728b)
Start importing Assets/Gems and gold/Diamonds/Chest/PNG 512/Chest GD.png using Guid(ec0d008b85fa9d047bc58b797baaa4e0) Importer(815301076,1909f56bfc062723c751e8b465ee728b)  -> (artifact id: 'fba020ee7af83b39a0dc8ba4da0c75e7') in 0.034202 seconds 
========================================================================
Received Import Request.
  Time since last request: 0.000018 seconds.
  path: Assets/Gems and gold/Diamonds/Chest/PNG 256/Chest GD.png
  artifactKey: Guid(3a7ef5b1a587eee438442916fc4d26f6) Importer(815301076,1909f56bfc062723c751e8b465ee728b)
Start importing Assets/Gems and gold/Diamonds/Chest/PNG 256/Chest GD.png using Guid(3a7ef5b1a587eee438442916fc4d26f6) Importer(815301076,1909f56bfc062723c751e8b465ee728b)  -> (artifact id: 'c81980ef114de90ffd0b432985ebeef3') in 0.027329 seconds 
========================================================================
Received Import Request.
  Time since last request: 0.000030 seconds.
  path: Assets/Gems and gold/Diamonds Glow/Chest/PSD/Chest ColorD.psd
  artifactKey: Guid(58d12571e54e77442828cba544670b06) Importer(815301076,1909f56bfc062723c751e8b465ee728b)
Start importing Assets/Gems and gold/Diamonds Glow/Chest/PSD/Chest ColorD.psd using Guid(58d12571e54e77442828cba544670b06) Importer(815301076,1909f56bfc062723c751e8b465ee728b)  -> (artifact id: 'ae3ccc86f3d95e4f3c873b42801f231c') in 0.093723 seconds 
========================================================================
Received Import Request.
  Time since last request: 0.000021 seconds.
  path: Assets/Gems and gold/Diamonds/Chest/PSD/Chest GD.psd
  artifactKey: Guid(838551ec941de0c46af105b47afdc688) Importer(815301076,1909f56bfc062723c751e8b465ee728b)
Start importing Assets/Gems and gold/Diamonds/Chest/PSD/Chest GD.psd using Guid(838551ec941de0c46af105b47afdc688) Importer(815301076,1909f56bfc062723c751e8b465ee728b)  -> (artifact id: '228beeea0d206843d9c9caf39f718f49') in 0.069438 seconds 
========================================================================
Received Import Request.
  Time since last request: 0.023701 seconds.
  path: Assets/Gems and gold/Diamonds/Chest/PNG 1024/Chest YD.png
  artifactKey: Guid(a1f410eba2576bd4f8c429f3aa16542d) Importer(815301076,1909f56bfc062723c751e8b465ee728b)
Start importing Assets/Gems and gold/Diamonds/Chest/PNG 1024/Chest YD.png using Guid(a1f410eba2576bd4f8c429f3aa16542d) Importer(815301076,1909f56bfc062723c751e8b465ee728b)  -> (artifact id: '2fdae8b6a4dd8889130f31adc4641494') in 0.078883 seconds 
========================================================================
Received Import Request.
  Time since last request: 0.000036 seconds.
  path: Assets/Gems and gold/Coins/PNG 256/Coins 4.png
  artifactKey: Guid(3cc08f6a5f18b164184b9854ffa642ba) Importer(815301076,1909f56bfc062723c751e8b465ee728b)
Start importing Assets/Gems and gold/Coins/PNG 256/Coins 4.png using Guid(3cc08f6a5f18b164184b9854ffa642ba) Importer(815301076,1909f56bfc062723c751e8b465ee728b)  -> (artifact id: '2079e4cea3348e3260334b594ff0048d') in 0.025642 seconds 
========================================================================
Received Import Request.
  Time since last request: 0.000029 seconds.
  path: Assets/Gems and gold/Coins/PSD/Coins 3.psd
  artifactKey: Guid(3766c95c367293a458903da2a7a896ab) Importer(815301076,1909f56bfc062723c751e8b465ee728b)
Start importing Assets/Gems and gold/Coins/PSD/Coins 3.psd using Guid(3766c95c367293a458903da2a7a896ab) Importer(815301076,1909f56bfc062723c751e8b465ee728b)  -> (artifact id: '6eb37e3a26862c538ce4ed8f46e6557b') in 0.064071 seconds 
========================================================================
Received Import Request.
  Time since last request: 0.108001 seconds.
  path: Assets/Gems and gold/Coins/PNG 1024/Coins 5.png
  artifactKey: Guid(c14bad3e70d35ed46beb09cd93497761) Importer(815301076,1909f56bfc062723c751e8b465ee728b)
Start importing Assets/Gems and gold/Coins/PNG 1024/Coins 5.png using Guid(c14bad3e70d35ed46beb09cd93497761) Importer(815301076,1909f56bfc062723c751e8b465ee728b)  -> (artifact id: '0f0ad2796fe1ddd928833045926906a7') in 0.079135 seconds 
========================================================================
Received Import Request.
  Time since last request: 0.000022 seconds.
  path: Assets/Gems and gold/Coins/PNG 256/Coins 6.png
  artifactKey: Guid(e0f7d847defdb3444bbfe9684523f555) Importer(815301076,1909f56bfc062723c751e8b465ee728b)
Start importing Assets/Gems and gold/Coins/PNG 256/Coins 6.png using Guid(e0f7d847defdb3444bbfe9684523f555) Importer(815301076,1909f56bfc062723c751e8b465ee728b)  -> (artifact id: '2f4716064221dc7289b411503dfbaef4') in 0.018753 seconds 
========================================================================
Received Import Request.
  Time since last request: 15.221401 seconds.
  path: Assets/Gems and gold/Diamonds/Basic/Small/PNG 512/Diamonds Y.png
  artifactKey: Guid(27550fd236227b045a0a40d0a42fc652) Importer(815301076,1909f56bfc062723c751e8b465ee728b)
Start importing Assets/Gems and gold/Diamonds/Basic/Small/PNG 512/Diamonds Y.png using Guid(27550fd236227b045a0a40d0a42fc652) Importer(815301076,1909f56bfc062723c751e8b465ee728b)  -> (artifact id: '9dc2022a71e2ec2ad395d7d565ee3a0b') in 0.036642 seconds 
========================================================================
Received Import Request.
  Time since last request: 0.000027 seconds.
  path: Assets/Gems and gold/Diamonds/Basic/Small/PNG 1024/Diamonds Y.png
  artifactKey: Guid(f5c0410447fcc0349bd556d5dbafa086) Importer(815301076,1909f56bfc062723c751e8b465ee728b)
Start importing Assets/Gems and gold/Diamonds/Basic/Small/PNG 1024/Diamonds Y.png using Guid(f5c0410447fcc0349bd556d5dbafa086) Importer(815301076,1909f56bfc062723c751e8b465ee728b)  -> (artifact id: '2e9c1b665f54c7b2f45e72278fa6a889') in 0.075213 seconds 
========================================================================
Received Import Request.
  Time since last request: 0.000071 seconds.
  path: Assets/Gems and gold/Diamonds Glow/Basic/Big/PNG 256/Diamonds Y.png
  artifactKey: Guid(bcb22f964c0cddc4eaf811c7b1b0eaaa) Importer(815301076,1909f56bfc062723c751e8b465ee728b)
Start importing Assets/Gems and gold/Diamonds Glow/Basic/Big/PNG 256/Diamonds Y.png using Guid(bcb22f964c0cddc4eaf811c7b1b0eaaa) Importer(815301076,1909f56bfc062723c751e8b465ee728b)  -> (artifact id: '07248fead11ca00cf20b9ea4673c0980') in 0.040439 seconds 
========================================================================
Received Import Request.
  Time since last request: 0.000018 seconds.
  path: Assets/Gems and gold/Diamonds/Basic/Small/PNG 256/Diamonds Y.png
  artifactKey: Guid(3f43a8e691cd76549a2168d75a305df2) Importer(815301076,1909f56bfc062723c751e8b465ee728b)
Start importing Assets/Gems and gold/Diamonds/Basic/Small/PNG 256/Diamonds Y.png using Guid(3f43a8e691cd76549a2168d75a305df2) Importer(815301076,1909f56bfc062723c751e8b465ee728b)  -> (artifact id: 'aba5b9dabfe66d00289e866149501181') in 0.027916 seconds 
========================================================================
Received Import Request.
  Time since last request: 0.000029 seconds.
  path: Assets/Gems and gold/Diamonds Glow/Basic/Big/PNG 512/Diamonds Y.png
  artifactKey: Guid(8dbfdd749b7641a4bac240770a871db3) Importer(815301076,1909f56bfc062723c751e8b465ee728b)
Start importing Assets/Gems and gold/Diamonds Glow/Basic/Big/PNG 512/Diamonds Y.png using Guid(8dbfdd749b7641a4bac240770a871db3) Importer(815301076,1909f56bfc062723c751e8b465ee728b)  -> (artifact id: 'fa29f7bd3d24f8dfaf98c84495c3c19c') in 0.038341 seconds 
========================================================================
Received Import Request.
  Time since last request: 2.253760 seconds.
  path: Assets/Gems and gold/Coins/PNG 256/Bag Coins.png
  artifactKey: Guid(5f406b6599ab5a243ba1489dbe125fa2) Importer(815301076,1909f56bfc062723c751e8b465ee728b)
Start importing Assets/Gems and gold/Coins/PNG 256/Bag Coins.png using Guid(5f406b6599ab5a243ba1489dbe125fa2) Importer(815301076,1909f56bfc062723c751e8b465ee728b)  -> (artifact id: '086e63715a67ebcbb8267fc30644f316') in 0.028028 seconds 
========================================================================
Received Import Request.
  Time since last request: 0.000026 seconds.
  path: Assets/Gems and gold/Coins/PSD/Barrel Coins.psd
  artifactKey: Guid(13930b4853980ca4db5c38c480c3f461) Importer(815301076,1909f56bfc062723c751e8b465ee728b)
Start importing Assets/Gems and gold/Coins/PSD/Barrel Coins.psd using Guid(13930b4853980ca4db5c38c480c3f461) Importer(815301076,1909f56bfc062723c751e8b465ee728b)  -> (artifact id: '055b4a01850d77abd6ea5496691dc667') in 0.069912 seconds 
========================================================================
Received Import Request.
  Time since last request: 0.000019 seconds.
  path: Assets/Gems and gold/Coins/PNG 1024/Coins 2.png
  artifactKey: Guid(e63932284cacf4149bcdd5fbd1da08dd) Importer(815301076,1909f56bfc062723c751e8b465ee728b)
Start importing Assets/Gems and gold/Coins/PNG 1024/Coins 2.png using Guid(e63932284cacf4149bcdd5fbd1da08dd) Importer(815301076,1909f56bfc062723c751e8b465ee728b)  -> (artifact id: '9d61230fd8e385ae0c7f7b6ac42a3186') in 0.057097 seconds 
========================================================================
Received Import Request.
  Time since last request: 35.852834 seconds.
  path: Assets/Gems and gold/Demo/Background.png
  artifactKey: Guid(159760fb3d2b60b42a3549c92bf8767f) Importer(815301076,1909f56bfc062723c751e8b465ee728b)
Start importing Assets/Gems and gold/Demo/Background.png using Guid(159760fb3d2b60b42a3549c92bf8767f) Importer(815301076,1909f56bfc062723c751e8b465ee728b)  -> (artifact id: 'f6e9cb1a67a31afcb85dcb232519dbfa') in 0.127419 seconds 
========================================================================
Received Import Request.
  Time since last request: 0.000017 seconds.
  path: Assets/Gems and gold/Diamonds Glow/Barrel/PNG 1024/Barrel BD.png
  artifactKey: Guid(d2da8ed8c5bdda748969799ef34c4c89) Importer(815301076,1909f56bfc062723c751e8b465ee728b)
Start importing Assets/Gems and gold/Diamonds Glow/Barrel/PNG 1024/Barrel BD.png using Guid(d2da8ed8c5bdda748969799ef34c4c89) Importer(815301076,1909f56bfc062723c751e8b465ee728b)  -> (artifact id: '78a21cb2b78d2f65680ad482078b61bb') in 0.085811 seconds 
========================================================================
Received Import Request.
  Time since last request: 0.000021 seconds.
  path: Assets/Gems and gold/Diamonds/Barrel/PNG 512/Barrel GD.png
  artifactKey: Guid(a78512f9be4f9a344919d03733c0a7ce) Importer(815301076,1909f56bfc062723c751e8b465ee728b)
Start importing Assets/Gems and gold/Diamonds/Barrel/PNG 512/Barrel GD.png using Guid(a78512f9be4f9a344919d03733c0a7ce) Importer(815301076,1909f56bfc062723c751e8b465ee728b)  -> (artifact id: 'a54542f784e6ed500d60017ab964a756') in 0.038178 seconds 
========================================================================
Received Import Request.
  Time since last request: 0.000036 seconds.
  path: Assets/Gems and gold/Diamonds Glow/Barrel/PSD/Barrel GD.psd
  artifactKey: Guid(acf46c5fe81b8b54ca80e5ef7453eb9b) Importer(815301076,1909f56bfc062723c751e8b465ee728b)
Start importing Assets/Gems and gold/Diamonds Glow/Barrel/PSD/Barrel GD.psd using Guid(acf46c5fe81b8b54ca80e5ef7453eb9b) Importer(815301076,1909f56bfc062723c751e8b465ee728b)  -> (artifact id: 'cf4b9af4d0dd77ab6feef429b6268265') in 0.081337 seconds 
========================================================================
Received Import Request.
  Time since last request: 0.000032 seconds.
  path: Assets/Gems and gold/Diamonds Glow/Bag/PNG 256/Bag GD.png
  artifactKey: Guid(672aad911ffe6e24ba3807037f8dba78) Importer(815301076,1909f56bfc062723c751e8b465ee728b)
Start importing Assets/Gems and gold/Diamonds Glow/Bag/PNG 256/Bag GD.png using Guid(672aad911ffe6e24ba3807037f8dba78) Importer(815301076,1909f56bfc062723c751e8b465ee728b)  -> (artifact id: '9d7ceea0aa4943bb6a038adc6a6f2875') in 0.021749 seconds 
========================================================================
Received Import Request.
  Time since last request: 0.000023 seconds.
  path: Assets/Gems and gold/Diamonds/Barrel/PNG 512/Barrel PD.png
  artifactKey: Guid(7a526c3e2b7904d44a5abb26fcf1f149) Importer(815301076,1909f56bfc062723c751e8b465ee728b)
Start importing Assets/Gems and gold/Diamonds/Barrel/PNG 512/Barrel PD.png using Guid(7a526c3e2b7904d44a5abb26fcf1f149) Importer(815301076,1909f56bfc062723c751e8b465ee728b)  -> (artifact id: '298d863f6a4a115c50713193c650548e') in 0.041914 seconds 
========================================================================
Received Import Request.
  Time since last request: 0.000023 seconds.
  path: Assets/Gems and gold/Diamonds/Bag/PNG 256/Bag ColorD.png
  artifactKey: Guid(a2c6f36b0d75c784fbc16cba46b31048) Importer(815301076,1909f56bfc062723c751e8b465ee728b)
Start importing Assets/Gems and gold/Diamonds/Bag/PNG 256/Bag ColorD.png using Guid(a2c6f36b0d75c784fbc16cba46b31048) Importer(815301076,1909f56bfc062723c751e8b465ee728b)  -> (artifact id: 'd7f4652d1d8dd28f07b3aea74303210b') in 0.020844 seconds 
========================================================================
Received Import Request.
  Time since last request: 0.000036 seconds.
  path: Assets/Gems and gold/Diamonds/Bag/PNG 1024/Bag GD.png
  artifactKey: Guid(b41a33958d4aaee40a454eaf2321ebd1) Importer(815301076,1909f56bfc062723c751e8b465ee728b)
Start importing Assets/Gems and gold/Diamonds/Bag/PNG 1024/Bag GD.png using Guid(b41a33958d4aaee40a454eaf2321ebd1) Importer(815301076,1909f56bfc062723c751e8b465ee728b)  -> (artifact id: '83a5884d9120e4a69a2348f713bedab2') in 0.070448 seconds 
========================================================================
Received Import Request.
  Time since last request: 0.000018 seconds.
  path: Assets/Gems and gold/Diamonds/Barrel/PNG 256/Barrel YD.png
  artifactKey: Guid(11253187db3e64e4192aa6ad426a79f2) Importer(815301076,1909f56bfc062723c751e8b465ee728b)
Start importing Assets/Gems and gold/Diamonds/Barrel/PNG 256/Barrel YD.png using Guid(11253187db3e64e4192aa6ad426a79f2) Importer(815301076,1909f56bfc062723c751e8b465ee728b)  -> (artifact id: '379e78020009fad2516c10214dba985d') in 0.032578 seconds 
========================================================================
Received Import Request.
  Time since last request: 0.000033 seconds.
  path: Assets/Gems and gold/Diamonds Glow/Bag/PNG 1024/Bag PD.png
  artifactKey: Guid(3d75d38752039334f9150c0ac614ab80) Importer(815301076,1909f56bfc062723c751e8b465ee728b)
Start importing Assets/Gems and gold/Diamonds Glow/Bag/PNG 1024/Bag PD.png using Guid(3d75d38752039334f9150c0ac614ab80) Importer(815301076,1909f56bfc062723c751e8b465ee728b)  -> (artifact id: '317161a37541377c13bc4977af44276f') in 0.084292 seconds 
========================================================================
Received Import Request.
  Time since last request: 0.000027 seconds.
  path: Assets/Gems and gold/Diamonds/Bag/PSD/Bag YD.psd
  artifactKey: Guid(3ba4819b4a25a9c48bd634cfcd0ef276) Importer(815301076,1909f56bfc062723c751e8b465ee728b)
Start importing Assets/Gems and gold/Diamonds/Bag/PSD/Bag YD.psd using Guid(3ba4819b4a25a9c48bd634cfcd0ef276) Importer(815301076,1909f56bfc062723c751e8b465ee728b)  -> (artifact id: 'f4ce0d68127dc3aca7e98e4f1decc45a') in 0.100681 seconds 
========================================================================
Received Import Request.
  Time since last request: 0.000033 seconds.
  path: Assets/Gems and gold/Diamonds Glow/Bag/PNG 1024/Bag YD.png
  artifactKey: Guid(988e04e4752d4ee4c8fe0e9ad719f0ce) Importer(815301076,1909f56bfc062723c751e8b465ee728b)
Start importing Assets/Gems and gold/Diamonds Glow/Bag/PNG 1024/Bag YD.png using Guid(988e04e4752d4ee4c8fe0e9ad719f0ce) Importer(815301076,1909f56bfc062723c751e8b465ee728b)  -> (artifact id: '37809bee4ee4715105391076b8fe54e9') in 0.075535 seconds 
========================================================================
Received Import Request.
  Time since last request: 0.000044 seconds.
  path: Assets/Gems and gold/Diamonds/Bag/PNG 1024/Bag YD.png
  artifactKey: Guid(26974f67dbeb68848a69ef5d8f06f41c) Importer(815301076,1909f56bfc062723c751e8b465ee728b)
Start importing Assets/Gems and gold/Diamonds/Bag/PNG 1024/Bag YD.png using Guid(26974f67dbeb68848a69ef5d8f06f41c) Importer(815301076,1909f56bfc062723c751e8b465ee728b)  -> (artifact id: 'a1ebed44e20d45a8c93d26c12c69c56d') in 0.068162 seconds 
========================================================================
Received Import Request.
  Time since last request: 0.000028 seconds.
  path: Assets/Gems and gold/Diamonds Glow/Bag/PSD/Bag YD.psd
  artifactKey: Guid(34ffc014eee3a1e42bbb4459f150e16a) Importer(815301076,1909f56bfc062723c751e8b465ee728b)
Start importing Assets/Gems and gold/Diamonds Glow/Bag/PSD/Bag YD.psd using Guid(34ffc014eee3a1e42bbb4459f150e16a) Importer(815301076,1909f56bfc062723c751e8b465ee728b)  -> (artifact id: 'baf0e3d62d124017814e90e01d513049') in 0.076099 seconds 
========================================================================
Received Import Request.
  Time since last request: 0.000039 seconds.
  path: Assets/Gems and gold/Diamonds Glow/Barrel/PNG 256/Barrel ColorD.png
  artifactKey: Guid(b5345333c9378404fa325fcee1cd58b8) Importer(815301076,1909f56bfc062723c751e8b465ee728b)
Start importing Assets/Gems and gold/Diamonds Glow/Barrel/PNG 256/Barrel ColorD.png using Guid(b5345333c9378404fa325fcee1cd58b8) Importer(815301076,1909f56bfc062723c751e8b465ee728b)  -> (artifact id: '47379c53fdb51449e32e966055cf33ae') in 0.026795 seconds 
========================================================================
Received Import Request.
  Time since last request: 0.000041 seconds.
  path: Assets/Gems and gold/Diamonds Glow/Barrel/PNG 1024/Barrel GD.png
  artifactKey: Guid(c4e3dcaa94805614ea5740fe1c702be1) Importer(815301076,1909f56bfc062723c751e8b465ee728b)
Start importing Assets/Gems and gold/Diamonds Glow/Barrel/PNG 1024/Barrel GD.png using Guid(c4e3dcaa94805614ea5740fe1c702be1) Importer(815301076,1909f56bfc062723c751e8b465ee728b)  -> (artifact id: '3acf6090e13c0213ecd203d7e7fe01d2') in 0.080436 seconds 
========================================================================
Received Import Request.
  Time since last request: 0.000037 seconds.
  path: Assets/Gems and gold/Diamonds Glow/Barrel/PSD/Barrel ColorD.psd
  artifactKey: Guid(5775268671ab4df459e6753087141649) Importer(815301076,1909f56bfc062723c751e8b465ee728b)
Start importing Assets/Gems and gold/Diamonds Glow/Barrel/PSD/Barrel ColorD.psd using Guid(5775268671ab4df459e6753087141649) Importer(815301076,1909f56bfc062723c751e8b465ee728b)  -> (artifact id: 'b834f6690ba0a3ac42eadb3cf0afa8ab') in 0.082456 seconds 
========================================================================
Received Import Request.
  Time since last request: 0.000038 seconds.
  path: Assets/Gems and gold/Diamonds Glow/Barrel/PNG 256/Barrel PD.png
  artifactKey: Guid(ece0b80e8dc149c4a933b822a877b9ce) Importer(815301076,1909f56bfc062723c751e8b465ee728b)
Start importing Assets/Gems and gold/Diamonds Glow/Barrel/PNG 256/Barrel PD.png using Guid(ece0b80e8dc149c4a933b822a877b9ce) Importer(815301076,1909f56bfc062723c751e8b465ee728b)  -> (artifact id: 'd9ef94b16643332ee227c1b82d33b7f3') in 0.024802 seconds 
Editor requested this worker to shutdown with reason: Scaling down because of idle timeout
AssetImportWorker is now disconnected from the server
Process exiting
Exiting without the bug reporter. Application will terminate with return code 0