Using pre-set license
Built from '2021.3/staging' branch; Version is '2021.3.9f1 (ad3870b89536) revision 11352176'; Using compiler version '192829333'; Build Type 'Release'
OS: 'Windows 10  (10.0.19044) 64bit Core' Language: 'en' Physical Memory: 32686 MB
BatchMode: 1, IsHumanControllingUs: 0, StartBugReporterOnCrash: 0, Is64bit: 1, IsPro: 1

COMMAND LINE ARGUMENTS:
C:\Program Files\Unity\Hub\Editor\2021.3.9f1\Editor\Unity.exe
-adb2
-batchMode
-noUpm
-name
AssetImportWorker2
-projectPath
D:/UnityProjects/clicker/Clicker
-logFile
Logs/AssetImportWorker2.log
-srvPort
54052
Successfully changed project path to: D:/UnityProjects/clicker/Clicker
D:/UnityProjects/clicker/Clicker
[UnityMemory] Configuration Parameters - Can be set up in boot.config
    "memorysetup-bucket-allocator-granularity=16"
    "memorysetup-bucket-allocator-bucket-count=8"
    "memorysetup-bucket-allocator-block-size=33554432"
    "memorysetup-bucket-allocator-block-count=8"
    "memorysetup-main-allocator-block-size=16777216"
    "memorysetup-thread-allocator-block-size=16777216"
    "memorysetup-gfx-main-allocator-block-size=16777216"
    "memorysetup-gfx-thread-allocator-block-size=16777216"
    "memorysetup-cache-allocator-block-size=4194304"
    "memorysetup-typetree-allocator-block-size=2097152"
    "memorysetup-profiler-bucket-allocator-granularity=16"
    "memorysetup-profiler-bucket-allocator-bucket-count=8"
    "memorysetup-profiler-bucket-allocator-block-size=33554432"
    "memorysetup-profiler-bucket-allocator-block-count=8"
    "memorysetup-profiler-allocator-block-size=16777216"
    "memorysetup-profiler-editor-allocator-block-size=1048576"
    "memorysetup-temp-allocator-size-main=16777216"
    "memorysetup-job-temp-allocator-block-size=2097152"
    "memorysetup-job-temp-allocator-block-size-background=1048576"
    "memorysetup-job-temp-allocator-reduction-small-platforms=262144"
    "memorysetup-temp-allocator-size-background-worker=32768"
    "memorysetup-temp-allocator-size-job-worker=262144"
    "memorysetup-temp-allocator-size-preload-manager=33554432"
    "memorysetup-temp-allocator-size-nav-mesh-worker=65536"
    "memorysetup-temp-allocator-size-audio-worker=65536"
    "memorysetup-temp-allocator-size-cloud-worker=32768"
    "memorysetup-temp-allocator-size-gi-baking-worker=262144"
    "memorysetup-temp-allocator-size-gfx=262144"
Refreshing native plugins compatible for Editor in 103.15 ms, found 4 plugins.
Preloading 0 native plugins for Editor in 0.00 ms.
Initialize engine version: 2021.3.9f1 (ad3870b89536)
[Subsystems] Discovering subsystems at path C:/Program Files/Unity/Hub/Editor/2021.3.9f1/Editor/Data/Resources/UnitySubsystems
[Subsystems] Discovering subsystems at path D:/UnityProjects/clicker/Clicker/Assets
GfxDevice: creating device client; threaded=0; jobified=0
Direct3D:
    Version:  Direct3D 11.0 [level 11.1]
    Renderer: NVIDIA GeForce RTX 3080 (ID=0x2206)
    Vendor:   NVIDIA
    VRAM:     10077 MB
    Driver:   31.0.15.1694
Initialize mono
Mono path[0] = 'C:/Program Files/Unity/Hub/Editor/2021.3.9f1/Editor/Data/Managed'
Mono path[1] = 'C:/Program Files/Unity/Hub/Editor/2021.3.9f1/Editor/Data/MonoBleedingEdge/lib/mono/unityjit-win32'
Mono config path = 'C:/Program Files/Unity/Hub/Editor/2021.3.9f1/Editor/Data/MonoBleedingEdge/etc'
Using monoOptions --debugger-agent=transport=dt_socket,embedding=1,server=y,suspend=n,address=127.0.0.1:56272
Begin MonoManager ReloadAssembly
Registering precompiled unity dll's ...
Register platform support module: C:/Program Files/Unity/Hub/Editor/2021.3.9f1/Editor/Data/PlaybackEngines/AndroidPlayer/UnityEditor.Android.Extensions.dll
Register platform support module: C:/Program Files/Unity/Hub/Editor/2021.3.9f1/Editor/Data/PlaybackEngines/WindowsStandaloneSupport/UnityEditor.WindowsStandalone.Extensions.dll
Registered in 0.009500 seconds.
Native extension for WindowsStandalone target not found
Native extension for Android target not found
Refreshing native plugins compatible for Editor in 91.97 ms, found 4 plugins.
Preloading 0 native plugins for Editor in 0.00 ms.
Mono: successfully reloaded assembly
- Completed reload, in  0.634 seconds
Domain Reload Profiling:
	ReloadAssembly (634ms)
		BeginReloadAssembly (68ms)
			ExecutionOrderSort (0ms)
			DisableScriptedObjects (0ms)
			BackupInstance (0ms)
			ReleaseScriptingObjects (0ms)
			CreateAndSetChildDomain (1ms)
		EndReloadAssembly (459ms)
			LoadAssemblies (66ms)
			RebuildTransferFunctionScriptingTraits (0ms)
			SetupTypeCache (110ms)
			ReleaseScriptCaches (0ms)
			RebuildScriptCaches (26ms)
			SetupLoadedEditorAssemblies (273ms)
				LogAssemblyErrors (0ms)
				InitializePlatformSupportModulesInManaged (50ms)
				SetLoadedEditorAssemblies (0ms)
				RefreshPlugins (92ms)
				BeforeProcessingInitializeOnLoad (1ms)
				ProcessInitializeOnLoadAttributes (88ms)
				ProcessInitializeOnLoadMethodAttributes (41ms)
				AfterProcessingInitializeOnLoad (0ms)
				EditorAssembliesLoaded (0ms)
			ExecutionOrderSort2 (0ms)
			AwakeInstancesAfterBackupRestoration (0ms)
Platform modules already initialized, skipping
Registering precompiled user dll's ...
Registered in 0.005825 seconds.
Begin MonoManager ReloadAssembly
Symbol file LoadedFromMemory doesn't match image D:\UnityProjects\clicker\Clicker\Library\PackageCache\com.unity.visualscripting@1.7.8\Editor\VisualScripting.Core\Dependencies\YamlDotNet\Unity.VisualScripting.YamlDotNet.dll
Symbol file LoadedFromMemory doesn't match image D:\UnityProjects\clicker\Clicker\Library\PackageCache\com.unity.visualscripting@1.7.8\Editor\VisualScripting.Core\Dependencies\DotNetZip\Unity.VisualScripting.IonicZip.dll
Native extension for WindowsStandalone target not found
Native extension for Android target not found
Refreshing native plugins compatible for Editor in 94.56 ms, found 4 plugins.
Preloading 0 native plugins for Editor in 0.00 ms.
Mono: successfully reloaded assembly
Package Manager log level set to [2]
- Completed reload, in  1.251 seconds
Domain Reload Profiling:
	ReloadAssembly (1251ms)
		BeginReloadAssembly (223ms)
			ExecutionOrderSort (0ms)
			DisableScriptedObjects (5ms)
			BackupInstance (0ms)
			ReleaseScriptingObjects (0ms)
			CreateAndSetChildDomain (133ms)
		EndReloadAssembly (907ms)
			LoadAssemblies (90ms)
			RebuildTransferFunctionScriptingTraits (0ms)
			SetupTypeCache (233ms)
			ReleaseScriptCaches (1ms)
			RebuildScriptCaches (55ms)
			SetupLoadedEditorAssemblies (480ms)
				LogAssemblyErrors (0ms)
				InitializePlatformSupportModulesInManaged (12ms)
				SetLoadedEditorAssemblies (0ms)
				RefreshPlugins (95ms)
				BeforeProcessingInitializeOnLoad (95ms)
				ProcessInitializeOnLoadAttributes (223ms)
				ProcessInitializeOnLoadMethodAttributes (45ms)
				AfterProcessingInitializeOnLoad (10ms)
				EditorAssembliesLoaded (0ms)
			ExecutionOrderSort2 (0ms)
			AwakeInstancesAfterBackupRestoration (7ms)
Platform modules already initialized, skipping
========================================================================
Worker process is ready to serve import requests
Launched and connected shader compiler UnityShaderCompiler.exe after 0.03 seconds
Refreshing native plugins compatible for Editor in 0.83 ms, found 4 plugins.
Preloading 0 native plugins for Editor in 0.00 ms.
Unloading 4328 Unused Serialized files (Serialized files now loaded: 0)
Unloading 60 unused Assets / (223.6 KB). Loaded Objects now: 4765.
Memory consumption went from 161.6 MB to 161.4 MB.
Total: 3.163100 ms (FindLiveObjects: 0.366500 ms CreateObjectMapping: 0.335900 ms MarkObjects: 2.309800 ms  DeleteObjects: 0.149800 ms)

AssetImportParameters requested are different than current active one (requested -> active):
  custom:video-decoder-ogg-theora: a1e56fd34408186e4bbccfd4996cb3dc -> 
  custom:container-muxer-webm: aa71ff27fc2769a1b78a27578f13a17b -> 
  custom:container-demuxer-webm: 4f35f7cbe854078d1ac9338744f61a02 -> 
  custom:video-encoder-webm-vp8: eb34c28f22e8b96e1ab97ce403110664 -> 
  custom:audio-encoder-webm-vorbis: bf7c407c2cedff20999df2af8eb42d56 -> 
  custom:framework-win-MediaFoundation: 216162199b28c13a410421893ffa2e32 -> 
  custom:container-demuxer-ogg: 62fdf1f143b41e24485cea50d1cbac27 -> 
  custom:video-decoder-webm-vp8: 9c59270c3fd7afecdb556c50c9e8de78 -> 
  custom:audio-decoder-ogg-vorbis: bf7c407c2cedff20999df2af8eb42d56 -> 
========================================================================
Received Import Request.
  Time since last request: 1127456.040970 seconds.
  path: Assets/Gems and gold/Diamonds
  artifactKey: Guid(6489f7014a929244a8863b19635caad8) Importer(815301076,1909f56bfc062723c751e8b465ee728b)
Start importing Assets/Gems and gold/Diamonds using Guid(6489f7014a929244a8863b19635caad8) Importer(815301076,1909f56bfc062723c751e8b465ee728b)  -> (artifact id: '40091cfb917f2b0bd6325c33c5ae90dd') in 0.010840 seconds 
========================================================================
Received Import Request.
  Time since last request: 0.900326 seconds.
  path: Assets/Gems and gold/Diamonds/Bag
  artifactKey: Guid(d9b3ce1419d755f42b2fc92ca4e2e836) Importer(815301076,1909f56bfc062723c751e8b465ee728b)
Start importing Assets/Gems and gold/Diamonds/Bag using Guid(d9b3ce1419d755f42b2fc92ca4e2e836) Importer(815301076,1909f56bfc062723c751e8b465ee728b)  -> (artifact id: 'bae44dcd1c07b153bb1b041a4c285f4c') in 0.005656 seconds 
========================================================================
Received Import Request.
  Time since last request: 2.705022 seconds.
  path: Assets/Gems and gold/Diamonds Glow
  artifactKey: Guid(89cd52cb4d0b4c1409010815dbe2bb86) Importer(815301076,1909f56bfc062723c751e8b465ee728b)
Start importing Assets/Gems and gold/Diamonds Glow using Guid(89cd52cb4d0b4c1409010815dbe2bb86) Importer(815301076,1909f56bfc062723c751e8b465ee728b)  -> (artifact id: '40608131039f1df3f501930ca7b6b987') in 0.005111 seconds 
========================================================================
Received Import Request.
  Time since last request: 49.050656 seconds.
  path: Assets/Gems and gold/Coins/PNG 256/Coins 1.png
  artifactKey: Guid(53bf30f8d655f6a4193cce98284b99e1) Importer(815301076,1909f56bfc062723c751e8b465ee728b)
Start importing Assets/Gems and gold/Coins/PNG 256/Coins 1.png using Guid(53bf30f8d655f6a4193cce98284b99e1) Importer(815301076,1909f56bfc062723c751e8b465ee728b)  -> (artifact id: '5aae45293ff190aa25aba77a32718a4a') in 0.132702 seconds 
========================================================================
Received Import Request.
  Time since last request: 0.000027 seconds.
  path: Assets/Gems and gold/Coins/PNG 1024/Bucket Coins.png
  artifactKey: Guid(fa9757de5a3477e48ae471833d488de8) Importer(815301076,1909f56bfc062723c751e8b465ee728b)
Start importing Assets/Gems and gold/Coins/PNG 1024/Bucket Coins.png using Guid(fa9757de5a3477e48ae471833d488de8) Importer(815301076,1909f56bfc062723c751e8b465ee728b)  -> (artifact id: '2fcb7bd5c7d2b519d30398a24591355c') in 0.099012 seconds 
========================================================================
Received Import Request.
  Time since last request: 0.000029 seconds.
  path: Assets/Gems and gold/Diamonds/Bucket/PNG 256/Bucket BD.png
  artifactKey: Guid(7b009d20bebc9f34bb1f1053ca6089c8) Importer(815301076,1909f56bfc062723c751e8b465ee728b)
Start importing Assets/Gems and gold/Diamonds/Bucket/PNG 256/Bucket BD.png using Guid(7b009d20bebc9f34bb1f1053ca6089c8) Importer(815301076,1909f56bfc062723c751e8b465ee728b)  -> (artifact id: 'f517feafa120677df6cadbc98170d6d3') in 0.026652 seconds 
========================================================================
Received Import Request.
  Time since last request: 0.000029 seconds.
  path: Assets/Gems and gold/Diamonds/Basic/Diamonds PNG 256.png
  artifactKey: Guid(0c9b1d0b2a4552241a19ab70af3b4ee3) Importer(815301076,1909f56bfc062723c751e8b465ee728b)
Start importing Assets/Gems and gold/Diamonds/Basic/Diamonds PNG 256.png using Guid(0c9b1d0b2a4552241a19ab70af3b4ee3) Importer(815301076,1909f56bfc062723c751e8b465ee728b)  -> (artifact id: '0290b0b77b7efd1e046c760ce006c9d9') in 0.049990 seconds 
========================================================================
Received Import Request.
  Time since last request: 0.000026 seconds.
  path: Assets/Gems and gold/Diamonds Glow/Bucket/PSD/Bucket BD.psd
  artifactKey: Guid(4c425975fc0a17f40a8fdd6053090e76) Importer(815301076,1909f56bfc062723c751e8b465ee728b)
Start importing Assets/Gems and gold/Diamonds Glow/Bucket/PSD/Bucket BD.psd using Guid(4c425975fc0a17f40a8fdd6053090e76) Importer(815301076,1909f56bfc062723c751e8b465ee728b)  -> (artifact id: 'ca380586470a1089667e6958e3398b12') in 0.068562 seconds 
========================================================================
Received Import Request.
  Time since last request: 0.000029 seconds.
  path: Assets/Gems and gold/Diamonds/Bucket/PSD/Bucket BD.psd
  artifactKey: Guid(94caa279090cdc7409b1f312c3115a79) Importer(815301076,1909f56bfc062723c751e8b465ee728b)
Start importing Assets/Gems and gold/Diamonds/Bucket/PSD/Bucket BD.psd using Guid(94caa279090cdc7409b1f312c3115a79) Importer(815301076,1909f56bfc062723c751e8b465ee728b)  -> (artifact id: '6267ea34e65fd933061a5940cab10b3d') in 0.086061 seconds 
========================================================================
Received Import Request.
  Time since last request: 0.000024 seconds.
  path: Assets/Gems and gold/Diamonds/Bucket/PNG 256/Bucket YD.png
  artifactKey: Guid(7878208eea611074db29b0201cd9ccb2) Importer(815301076,1909f56bfc062723c751e8b465ee728b)
Start importing Assets/Gems and gold/Diamonds/Bucket/PNG 256/Bucket YD.png using Guid(7878208eea611074db29b0201cd9ccb2) Importer(815301076,1909f56bfc062723c751e8b465ee728b)  -> (artifact id: '0280d7e0d6df9fdf32a1d9f1a2afa175') in 0.024157 seconds 
========================================================================
Received Import Request.
  Time since last request: 0.000038 seconds.
  path: Assets/Gems and gold/Diamonds Glow/Bucket/PNG 512/Bucket BD.png
  artifactKey: Guid(cf7e3494a0c4b4141b98895764ed567f) Importer(815301076,1909f56bfc062723c751e8b465ee728b)
Start importing Assets/Gems and gold/Diamonds Glow/Bucket/PNG 512/Bucket BD.png using Guid(cf7e3494a0c4b4141b98895764ed567f) Importer(815301076,1909f56bfc062723c751e8b465ee728b)  -> (artifact id: '3bae281967f03171e268b5f2129e930b') in 0.036018 seconds 
========================================================================
Received Import Request.
  Time since last request: 0.000022 seconds.
  path: Assets/Gems and gold/Diamonds Glow/Bucket/PSD/Bucket GD.psd
  artifactKey: Guid(588c9bb726989f84ba69ea69bff2f6a9) Importer(815301076,1909f56bfc062723c751e8b465ee728b)
Start importing Assets/Gems and gold/Diamonds Glow/Bucket/PSD/Bucket GD.psd using Guid(588c9bb726989f84ba69ea69bff2f6a9) Importer(815301076,1909f56bfc062723c751e8b465ee728b)  -> (artifact id: 'd94dfc7726836ffc9800350a687853ac') in 0.073892 seconds 
========================================================================
Received Import Request.
  Time since last request: 0.000048 seconds.
  path: Assets/Gems and gold/Diamonds/Bucket/PNG 1024/Bucket BD.png
  artifactKey: Guid(783fc9583c9eff7448f296e3477acf0a) Importer(815301076,1909f56bfc062723c751e8b465ee728b)
Start importing Assets/Gems and gold/Diamonds/Bucket/PNG 1024/Bucket BD.png using Guid(783fc9583c9eff7448f296e3477acf0a) Importer(815301076,1909f56bfc062723c751e8b465ee728b)  -> (artifact id: 'a35a7d518a0d3c4a6bfa6b842737c31b') in 0.079122 seconds 
========================================================================
Received Import Request.
  Time since last request: 0.000022 seconds.
  path: Assets/Gems and gold/Coins/PSD/Chest Coins.psd
  artifactKey: Guid(60af559b9183a60469c00cbd9088d567) Importer(815301076,1909f56bfc062723c751e8b465ee728b)
Start importing Assets/Gems and gold/Coins/PSD/Chest Coins.psd using Guid(60af559b9183a60469c00cbd9088d567) Importer(815301076,1909f56bfc062723c751e8b465ee728b)  -> (artifact id: 'c8d07e96adf655aba09d456864c0d164') in 0.077059 seconds 
========================================================================
Received Import Request.
  Time since last request: 0.000034 seconds.
  path: Assets/Gems and gold/Diamonds/Bucket/PNG 1024/Bucket PD.png
  artifactKey: Guid(ae4e7e9188ccc45428b3eae27e22f827) Importer(815301076,1909f56bfc062723c751e8b465ee728b)
Start importing Assets/Gems and gold/Diamonds/Bucket/PNG 1024/Bucket PD.png using Guid(ae4e7e9188ccc45428b3eae27e22f827) Importer(815301076,1909f56bfc062723c751e8b465ee728b)  -> (artifact id: '33c2590f8ede6ce17e41de5128e8ea98') in 0.066249 seconds 
========================================================================
Received Import Request.
  Time since last request: 0.000027 seconds.
  path: Assets/Gems and gold/Diamonds/Basic/Diamonds PSD.psd
  artifactKey: Guid(dfd5c25c0ba14df4293fafaed33a38e0) Importer(815301076,1909f56bfc062723c751e8b465ee728b)
Start importing Assets/Gems and gold/Diamonds/Basic/Diamonds PSD.psd using Guid(dfd5c25c0ba14df4293fafaed33a38e0) Importer(815301076,1909f56bfc062723c751e8b465ee728b)  -> (artifact id: 'de83f7175697ecec21b77bd1ca7e30f4') in 0.052742 seconds 
========================================================================
Received Import Request.
  Time since last request: 0.000028 seconds.
  path: Assets/Gems and gold/Diamonds/Bucket/PNG 256/Bucket GD.png
  artifactKey: Guid(c7adb3d3d36b15a4da75816821a016e2) Importer(815301076,1909f56bfc062723c751e8b465ee728b)
Start importing Assets/Gems and gold/Diamonds/Bucket/PNG 256/Bucket GD.png using Guid(c7adb3d3d36b15a4da75816821a016e2) Importer(815301076,1909f56bfc062723c751e8b465ee728b)  -> (artifact id: '5cfd71e0672d4525ebb6f66a8024048f') in 0.024612 seconds 
========================================================================
Received Import Request.
  Time since last request: 0.000030 seconds.
  path: Assets/Gems and gold/Diamonds/Bucket/PNG 256/Bucket PD.png
  artifactKey: Guid(2de97ec43f19f8048ab4d20a94e85588) Importer(815301076,1909f56bfc062723c751e8b465ee728b)
Start importing Assets/Gems and gold/Diamonds/Bucket/PNG 256/Bucket PD.png using Guid(2de97ec43f19f8048ab4d20a94e85588) Importer(815301076,1909f56bfc062723c751e8b465ee728b)  -> (artifact id: '3e08ad0ecdc35f33fb9ad0eebf0ea5f6') in 0.021893 seconds 
========================================================================
Received Import Request.
  Time since last request: 0.000023 seconds.
  path: Assets/Gems and gold/Diamonds/Bucket/PNG 512/Bucket ColorD.png
  artifactKey: Guid(4d0e9a0bc264fa64d8e6a9ee77860f86) Importer(815301076,1909f56bfc062723c751e8b465ee728b)
Start importing Assets/Gems and gold/Diamonds/Bucket/PNG 512/Bucket ColorD.png using Guid(4d0e9a0bc264fa64d8e6a9ee77860f86) Importer(815301076,1909f56bfc062723c751e8b465ee728b)  -> (artifact id: 'b19a8c5f5c49e9ac401e145fb236aa60') in 0.036882 seconds 
========================================================================
Received Import Request.
  Time since last request: 0.000021 seconds.
  path: Assets/Gems and gold/Diamonds Glow/Bucket/PNG 512/Bucket ColorD.png
  artifactKey: Guid(4355f8bd01567ac4ba12b55bb4ef7150) Importer(815301076,1909f56bfc062723c751e8b465ee728b)
Start importing Assets/Gems and gold/Diamonds Glow/Bucket/PNG 512/Bucket ColorD.png using Guid(4355f8bd01567ac4ba12b55bb4ef7150) Importer(815301076,1909f56bfc062723c751e8b465ee728b)  -> (artifact id: '2e01a46380923339ff679290d3d42b49') in 0.029309 seconds 
========================================================================
Received Import Request.
  Time since last request: 0.000040 seconds.
  path: Assets/Gems and gold/Diamonds Glow/Bucket/PNG 512/Bucket YD.png
  artifactKey: Guid(c8b85a148caead64b82343d0d36333bb) Importer(815301076,1909f56bfc062723c751e8b465ee728b)
Start importing Assets/Gems and gold/Diamonds Glow/Bucket/PNG 512/Bucket YD.png using Guid(c8b85a148caead64b82343d0d36333bb) Importer(815301076,1909f56bfc062723c751e8b465ee728b)  -> (artifact id: 'ab51d3dcc0a3d054556556eb27795cf1') in 0.034998 seconds 
========================================================================
Received Import Request.
  Time since last request: 0.000030 seconds.
  path: Assets/Gems and gold/Diamonds/Chest/PNG 1024/Chest BD.png
  artifactKey: Guid(a8294cf23894fce49976084e8d211079) Importer(815301076,1909f56bfc062723c751e8b465ee728b)
Start importing Assets/Gems and gold/Diamonds/Chest/PNG 1024/Chest BD.png using Guid(a8294cf23894fce49976084e8d211079) Importer(815301076,1909f56bfc062723c751e8b465ee728b)  -> (artifact id: 'a799692693ee95f75492351d0718112d') in 0.095116 seconds 
========================================================================
Received Import Request.
  Time since last request: 0.000028 seconds.
  path: Assets/Gems and gold/Diamonds/Bucket/PSD/Bucket ColorD.psd
  artifactKey: Guid(c896abca345a2104e9c6ef61719bb11d) Importer(815301076,1909f56bfc062723c751e8b465ee728b)
Start importing Assets/Gems and gold/Diamonds/Bucket/PSD/Bucket ColorD.psd using Guid(c896abca345a2104e9c6ef61719bb11d) Importer(815301076,1909f56bfc062723c751e8b465ee728b)  -> (artifact id: 'ac4049ba5aab1340873784819ec712da') in 0.076782 seconds 
========================================================================
Received Import Request.
  Time since last request: 0.000039 seconds.
  path: Assets/Gems and gold/Diamonds/Bucket/PNG 256/Bucket ColorD.png
  artifactKey: Guid(f0af6a2887e45514891548f112f06336) Importer(815301076,1909f56bfc062723c751e8b465ee728b)
Start importing Assets/Gems and gold/Diamonds/Bucket/PNG 256/Bucket ColorD.png using Guid(f0af6a2887e45514891548f112f06336) Importer(815301076,1909f56bfc062723c751e8b465ee728b)  -> (artifact id: 'b79b933ad44bf937508dab338443eb9f') in 0.022071 seconds 
========================================================================
Received Import Request.
  Time since last request: 0.000031 seconds.
  path: Assets/Gems and gold/Diamonds Glow/Bucket/PNG 256/Bucket YD.png
  artifactKey: Guid(7513ec8cef830214ba6be06d69d5df54) Importer(815301076,1909f56bfc062723c751e8b465ee728b)
Start importing Assets/Gems and gold/Diamonds Glow/Bucket/PNG 256/Bucket YD.png using Guid(7513ec8cef830214ba6be06d69d5df54) Importer(815301076,1909f56bfc062723c751e8b465ee728b)  -> (artifact id: '7f31bfe8576855615519e5a9a3791e26') in 0.020888 seconds 
========================================================================
Received Import Request.
  Time since last request: 0.000018 seconds.
  path: Assets/Gems and gold/Diamonds Glow/Chest/PSD/Chest BD.psd
  artifactKey: Guid(82896f944b49f874ba0054070ceb4050) Importer(815301076,1909f56bfc062723c751e8b465ee728b)
Start importing Assets/Gems and gold/Diamonds Glow/Chest/PSD/Chest BD.psd using Guid(82896f944b49f874ba0054070ceb4050) Importer(815301076,1909f56bfc062723c751e8b465ee728b)  -> (artifact id: 'ecd6c59947622301afce6ccaaab79e62') in 0.071542 seconds 
========================================================================
Received Import Request.
  Time since last request: 0.000018 seconds.
  path: Assets/Gems and gold/Coins/PNG 256/Bucket Coins.png
  artifactKey: Guid(653b15dfe14a0af4c9be3437cd9b95e8) Importer(815301076,1909f56bfc062723c751e8b465ee728b)
Start importing Assets/Gems and gold/Coins/PNG 256/Bucket Coins.png using Guid(653b15dfe14a0af4c9be3437cd9b95e8) Importer(815301076,1909f56bfc062723c751e8b465ee728b)  -> (artifact id: '9282425968d14f7bc7fe2dbdcc234f61') in 0.018220 seconds 
========================================================================
Received Import Request.
  Time since last request: 0.000026 seconds.
  path: Assets/Gems and gold/Diamonds/Basic/Diamonds PNG 512.png
  artifactKey: Guid(644e696d2937cdd48ac9f9d674035515) Importer(815301076,1909f56bfc062723c751e8b465ee728b)
Start importing Assets/Gems and gold/Diamonds/Basic/Diamonds PNG 512.png using Guid(644e696d2937cdd48ac9f9d674035515) Importer(815301076,1909f56bfc062723c751e8b465ee728b)  -> (artifact id: '175c5a619aec3898d7d7347219e474a0') in 0.041257 seconds 
========================================================================
Received Import Request.
  Time since last request: 0.000016 seconds.
  path: Assets/Gems and gold/Diamonds/Bucket/PNG 512/Bucket YD.png
  artifactKey: Guid(daabda43322b4c84486bad9fcc26b925) Importer(815301076,1909f56bfc062723c751e8b465ee728b)
Start importing Assets/Gems and gold/Diamonds/Bucket/PNG 512/Bucket YD.png using Guid(daabda43322b4c84486bad9fcc26b925) Importer(815301076,1909f56bfc062723c751e8b465ee728b)  -> (artifact id: 'dc0d5b4abf7921ac24f953342c1a3ab9') in 0.028345 seconds 
========================================================================
Received Import Request.
  Time since last request: 0.000023 seconds.
  path: Assets/Gems and gold/Diamonds Glow/Bucket/PSD/Bucket ColorD.psd
  artifactKey: Guid(66ec0441f99d4014db22b52a12e24240) Importer(815301076,1909f56bfc062723c751e8b465ee728b)
Start importing Assets/Gems and gold/Diamonds Glow/Bucket/PSD/Bucket ColorD.psd using Guid(66ec0441f99d4014db22b52a12e24240) Importer(815301076,1909f56bfc062723c751e8b465ee728b)  -> (artifact id: '7ec0414b6012b9a0d01cbb83d5205bad') in 0.071244 seconds 
========================================================================
Received Import Request.
  Time since last request: 0.000035 seconds.
  path: Assets/Gems and gold/Diamonds Glow/Chest/PNG 256/Chest BD.png
  artifactKey: Guid(0848cb5bc55d53e4cb5a8272f7604380) Importer(815301076,1909f56bfc062723c751e8b465ee728b)
Start importing Assets/Gems and gold/Diamonds Glow/Chest/PNG 256/Chest BD.png using Guid(0848cb5bc55d53e4cb5a8272f7604380) Importer(815301076,1909f56bfc062723c751e8b465ee728b)  -> (artifact id: '7754d9f9c7fedb9478deca7ae1d3ff17') in 0.023701 seconds 
========================================================================
Received Import Request.
  Time since last request: 0.000029 seconds.
  path: Assets/Gems and gold/Diamonds Glow/Bucket/PNG 512/Bucket GD.png
  artifactKey: Guid(b03e8c90b176e3e4bbf17d65b251bf75) Importer(815301076,1909f56bfc062723c751e8b465ee728b)
Start importing Assets/Gems and gold/Diamonds Glow/Bucket/PNG 512/Bucket GD.png using Guid(b03e8c90b176e3e4bbf17d65b251bf75) Importer(815301076,1909f56bfc062723c751e8b465ee728b)  -> (artifact id: '2d2cf241aa9c9bced24bd3bb577be947') in 0.031787 seconds 
========================================================================
Received Import Request.
  Time since last request: 0.000019 seconds.
  path: Assets/Gems and gold/Diamonds Glow/Bucket/PNG 256/Bucket PD.png
  artifactKey: Guid(62456c35bc299d54a83952d929499378) Importer(815301076,1909f56bfc062723c751e8b465ee728b)
Start importing Assets/Gems and gold/Diamonds Glow/Bucket/PNG 256/Bucket PD.png using Guid(62456c35bc299d54a83952d929499378) Importer(815301076,1909f56bfc062723c751e8b465ee728b)  -> (artifact id: 'cf3ed502073111d8d341eace561766b8') in 0.019013 seconds 
========================================================================
Received Import Request.
  Time since last request: 0.000024 seconds.
  path: Assets/Gems and gold/Diamonds/Bucket/PNG 1024/Bucket GD.png
  artifactKey: Guid(c5284e713c6903444bbe97c279dbfabc) Importer(815301076,1909f56bfc062723c751e8b465ee728b)
Start importing Assets/Gems and gold/Diamonds/Bucket/PNG 1024/Bucket GD.png using Guid(c5284e713c6903444bbe97c279dbfabc) Importer(815301076,1909f56bfc062723c751e8b465ee728b)  -> (artifact id: '3250cae78c8a72a6f2d86548f015384e') in 0.073200 seconds 
========================================================================
Received Import Request.
  Time since last request: 0.000025 seconds.
  path: Assets/Gems and gold/Diamonds Glow/Bucket/PSD/Bucket YD.psd
  artifactKey: Guid(c9dfad2cf7b8f8b48974ca3d60e5ddc6) Importer(815301076,1909f56bfc062723c751e8b465ee728b)
Start importing Assets/Gems and gold/Diamonds Glow/Bucket/PSD/Bucket YD.psd using Guid(c9dfad2cf7b8f8b48974ca3d60e5ddc6) Importer(815301076,1909f56bfc062723c751e8b465ee728b)  -> (artifact id: '99eba93335cb74e3d26efefe9bfd19ee') in 0.080263 seconds 
========================================================================
Received Import Request.
  Time since last request: 0.000033 seconds.
  path: Assets/Gems and gold/Diamonds/Bucket/PSD/Bucket PD.psd
  artifactKey: Guid(830b4a96debab3649bf627e66dc89ce4) Importer(815301076,1909f56bfc062723c751e8b465ee728b)
Start importing Assets/Gems and gold/Diamonds/Bucket/PSD/Bucket PD.psd using Guid(830b4a96debab3649bf627e66dc89ce4) Importer(815301076,1909f56bfc062723c751e8b465ee728b)  -> (artifact id: 'e2e990b1c446d9097ee94f30209d8b37') in 0.077912 seconds 
========================================================================
Received Import Request.
  Time since last request: 0.000025 seconds.
  path: Assets/Gems and gold/Coins/PNG 1024/Coins 3.png
  artifactKey: Guid(21fe65ea8d3b3064f9795df160aeeb26) Importer(815301076,1909f56bfc062723c751e8b465ee728b)
Start importing Assets/Gems and gold/Coins/PNG 1024/Coins 3.png using Guid(21fe65ea8d3b3064f9795df160aeeb26) Importer(815301076,1909f56bfc062723c751e8b465ee728b)  -> (artifact id: 'ad85ab56b3a797008c2f1db2211f786b') in 0.050151 seconds 
========================================================================
Received Import Request.
  Time since last request: 5.151965 seconds.
  path: Assets/Gems and gold/Diamonds/Chest/PNG 256/Chest ColorD.png
  artifactKey: Guid(90d70a9a19ba926489291bdf7fb0730a) Importer(815301076,1909f56bfc062723c751e8b465ee728b)
Start importing Assets/Gems and gold/Diamonds/Chest/PNG 256/Chest ColorD.png using Guid(90d70a9a19ba926489291bdf7fb0730a) Importer(815301076,1909f56bfc062723c751e8b465ee728b)  -> (artifact id: '512a22d542ff82ed38b666dd8543f952') in 0.025080 seconds 
========================================================================
Received Import Request.
  Time since last request: 0.000020 seconds.
  path: Assets/Gems and gold/Diamonds Glow/Chest/PNG 1024/Chest ColorD.png
  artifactKey: Guid(410e6dd459fb1694697f22db03dfa21d) Importer(815301076,1909f56bfc062723c751e8b465ee728b)
Start importing Assets/Gems and gold/Diamonds Glow/Chest/PNG 1024/Chest ColorD.png using Guid(410e6dd459fb1694697f22db03dfa21d) Importer(815301076,1909f56bfc062723c751e8b465ee728b)  -> (artifact id: '77520f409d5064df5125386cc8474c84') in 0.098198 seconds 
========================================================================
Received Import Request.
  Time since last request: 0.000029 seconds.
  path: Assets/Gems and gold/Diamonds Glow/Chest/PNG 512/Chest GD.png
  artifactKey: Guid(b35a7992986e6c14a9eaea0ca48576a5) Importer(815301076,1909f56bfc062723c751e8b465ee728b)
Start importing Assets/Gems and gold/Diamonds Glow/Chest/PNG 512/Chest GD.png using Guid(b35a7992986e6c14a9eaea0ca48576a5) Importer(815301076,1909f56bfc062723c751e8b465ee728b)  -> (artifact id: '8f77bc74bde291f931bc4770e77cf08e') in 0.037793 seconds 
========================================================================
Received Import Request.
  Time since last request: 0.000043 seconds.
  path: Assets/Gems and gold/Diamonds Glow/Chest/PSD/Chest GD.psd
  artifactKey: Guid(3d3dcc320e3f6ac409996110f6073f0a) Importer(815301076,1909f56bfc062723c751e8b465ee728b)
Start importing Assets/Gems and gold/Diamonds Glow/Chest/PSD/Chest GD.psd using Guid(3d3dcc320e3f6ac409996110f6073f0a) Importer(815301076,1909f56bfc062723c751e8b465ee728b)  -> (artifact id: 'b17c8d17dd3bd15ee804466c5b2b2d24') in 0.130750 seconds 
========================================================================
Received Import Request.
  Time since last request: 0.000017 seconds.
  path: Assets/Gems and gold/Diamonds/Chest/PNG 1024/Chest PD.png
  artifactKey: Guid(23ac753f6abfd704c8f4ea9e27ff469b) Importer(815301076,1909f56bfc062723c751e8b465ee728b)
Start importing Assets/Gems and gold/Diamonds/Chest/PNG 1024/Chest PD.png using Guid(23ac753f6abfd704c8f4ea9e27ff469b) Importer(815301076,1909f56bfc062723c751e8b465ee728b)  -> (artifact id: '7cda72facb7813f67adf59b99bd979ce') in 0.070654 seconds 
========================================================================
Received Import Request.
  Time since last request: 0.000023 seconds.
  path: Assets/Gems and gold/Diamonds Glow/Chest/PNG 512/Chest PD.png
  artifactKey: Guid(868a52a7bd516d5428822766d6ce8f58) Importer(815301076,1909f56bfc062723c751e8b465ee728b)
Start importing Assets/Gems and gold/Diamonds Glow/Chest/PNG 512/Chest PD.png using Guid(868a52a7bd516d5428822766d6ce8f58) Importer(815301076,1909f56bfc062723c751e8b465ee728b)  -> (artifact id: 'f6e89e1b633791e1f7f288c5f78d7cd0') in 0.031268 seconds 
========================================================================
Received Import Request.
  Time since last request: 0.000055 seconds.
  path: Assets/Gems and gold/Diamonds Glow/Chest/PNG 256/Chest GD.png
  artifactKey: Guid(f342214cedb639b4eb5c0e1872337ade) Importer(815301076,1909f56bfc062723c751e8b465ee728b)
Start importing Assets/Gems and gold/Diamonds Glow/Chest/PNG 256/Chest GD.png using Guid(f342214cedb639b4eb5c0e1872337ade) Importer(815301076,1909f56bfc062723c751e8b465ee728b)  -> (artifact id: '19d44d813c327950461d583c36ffacb5') in 0.021973 seconds 
========================================================================
Received Import Request.
  Time since last request: 0.000015 seconds.
  path: Assets/Gems and gold/Diamonds/Chest/PSD/Chest YD.psd
  artifactKey: Guid(25f0542023ad87543ba6b72917bae9d5) Importer(815301076,1909f56bfc062723c751e8b465ee728b)
Start importing Assets/Gems and gold/Diamonds/Chest/PSD/Chest YD.psd using Guid(25f0542023ad87543ba6b72917bae9d5) Importer(815301076,1909f56bfc062723c751e8b465ee728b)  -> (artifact id: 'cb0ae7d1fa1c51285fb2f163e81be050') in 0.076207 seconds 
========================================================================
Received Import Request.
  Time since last request: 0.000017 seconds.
  path: Assets/Gems and gold/Coins/PSD/Coins 4.psd
  artifactKey: Guid(10cbaab949e46b7479779fa9f0bb5acb) Importer(815301076,1909f56bfc062723c751e8b465ee728b)
Start importing Assets/Gems and gold/Coins/PSD/Coins 4.psd using Guid(10cbaab949e46b7479779fa9f0bb5acb) Importer(815301076,1909f56bfc062723c751e8b465ee728b)  -> (artifact id: '9d41342a8785246f4b0f3b749a89418d') in 0.067746 seconds 
========================================================================
Received Import Request.
  Time since last request: 0.000018 seconds.
  path: Assets/Gems and gold/Coins/PSD/Coins 2.psd
  artifactKey: Guid(d35320e8c09cf4f4a9e280717ff68b00) Importer(815301076,1909f56bfc062723c751e8b465ee728b)
Start importing Assets/Gems and gold/Coins/PSD/Coins 2.psd using Guid(d35320e8c09cf4f4a9e280717ff68b00) Importer(815301076,1909f56bfc062723c751e8b465ee728b)  -> (artifact id: 'c5692f512e38cc95840694d1b48001c9') in 0.068534 seconds 
========================================================================
Received Import Request.
  Time since last request: 0.061550 seconds.
  path: Assets/Gems and gold/Coins/PNG 256/Coins 5.png
  artifactKey: Guid(c303a323048e00843bc7289e4c055843) Importer(815301076,1909f56bfc062723c751e8b465ee728b)
Start importing Assets/Gems and gold/Coins/PNG 256/Coins 5.png using Guid(c303a323048e00843bc7289e4c055843) Importer(815301076,1909f56bfc062723c751e8b465ee728b)  -> (artifact id: '6fe19c7ec21bf334d72bebb1dae5ccf6') in 0.030009 seconds 
========================================================================
Received Import Request.
  Time since last request: 0.000024 seconds.
  path: Assets/Gems and gold/Coins/PNG 1024/Coins 6.png
  artifactKey: Guid(a44362b4ab5a6d14ea00221a10901134) Importer(815301076,1909f56bfc062723c751e8b465ee728b)
Start importing Assets/Gems and gold/Coins/PNG 1024/Coins 6.png using Guid(a44362b4ab5a6d14ea00221a10901134) Importer(815301076,1909f56bfc062723c751e8b465ee728b)  -> (artifact id: 'ccd60643d6ba188dc2c6ffc1a3eb0a5b') in 0.065165 seconds 
========================================================================
Received Import Request.
  Time since last request: 15.222301 seconds.
  path: Assets/Gems and gold/Diamonds/Basic/Big/PNG 512/Diamonds Y.png
  artifactKey: Guid(5b59e47c15bbb4e4597f4c6300a37d88) Importer(815301076,1909f56bfc062723c751e8b465ee728b)
Start importing Assets/Gems and gold/Diamonds/Basic/Big/PNG 512/Diamonds Y.png using Guid(5b59e47c15bbb4e4597f4c6300a37d88) Importer(815301076,1909f56bfc062723c751e8b465ee728b)  -> (artifact id: '8d6e235abe3e577ca361ac3f426b21e6') in 0.047665 seconds 
========================================================================
Received Import Request.
  Time since last request: 0.000034 seconds.
  path: Assets/Gems and gold/Diamonds Glow/Basic/Small/PNG 512/Diamonds Y.png
  artifactKey: Guid(2c42ffcf217ba0943a2151acd187509f) Importer(815301076,1909f56bfc062723c751e8b465ee728b)
Start importing Assets/Gems and gold/Diamonds Glow/Basic/Small/PNG 512/Diamonds Y.png using Guid(2c42ffcf217ba0943a2151acd187509f) Importer(815301076,1909f56bfc062723c751e8b465ee728b)  -> (artifact id: 'ae1b02d9fe318e488e6dc8853f7924e3') in 0.038941 seconds 
========================================================================
Received Import Request.
  Time since last request: 0.000034 seconds.
  path: Assets/Gems and gold/Diamonds Glow/Basic/Big/PSD/Diamonds Y.psd
  artifactKey: Guid(2f4d1f7ec0f0aff41902e3c89dfe33f2) Importer(815301076,1909f56bfc062723c751e8b465ee728b)
Start importing Assets/Gems and gold/Diamonds Glow/Basic/Big/PSD/Diamonds Y.psd using Guid(2f4d1f7ec0f0aff41902e3c89dfe33f2) Importer(815301076,1909f56bfc062723c751e8b465ee728b)  -> (artifact id: 'ca1a9e6f794234ece01b39f10abfb60d') in 0.084121 seconds 
========================================================================
Received Import Request.
  Time since last request: 0.000023 seconds.
  path: Assets/Gems and gold/Diamonds Glow/Basic/Small/PNG 256/Diamonds Y.png
  artifactKey: Guid(b35a8e1567ff79e4bb9f5fda9fba11c9) Importer(815301076,1909f56bfc062723c751e8b465ee728b)
Start importing Assets/Gems and gold/Diamonds Glow/Basic/Small/PNG 256/Diamonds Y.png using Guid(b35a8e1567ff79e4bb9f5fda9fba11c9) Importer(815301076,1909f56bfc062723c751e8b465ee728b)  -> (artifact id: '60460fc9ff9d97f15de00bad54e6c50a') in 0.029724 seconds 
========================================================================
Received Import Request.
  Time since last request: 2.279222 seconds.
  path: Assets/Gems and gold/Coins/PSD/Bag Coins.psd
  artifactKey: Guid(de58b495b3ed09841bc6386fe72be789) Importer(815301076,1909f56bfc062723c751e8b465ee728b)
Start importing Assets/Gems and gold/Coins/PSD/Bag Coins.psd using Guid(de58b495b3ed09841bc6386fe72be789) Importer(815301076,1909f56bfc062723c751e8b465ee728b)  -> (artifact id: '941b6f2b3eeeb381083a618290f90156') in 0.083250 seconds 
========================================================================
Received Import Request.
  Time since last request: 0.000018 seconds.
  path: Assets/Gems and gold/Coins/PNG 256/Coins 2.png
  artifactKey: Guid(610ddc6df238c184b8d6f40916a913c0) Importer(815301076,1909f56bfc062723c751e8b465ee728b)
Start importing Assets/Gems and gold/Coins/PNG 256/Coins 2.png using Guid(610ddc6df238c184b8d6f40916a913c0) Importer(815301076,1909f56bfc062723c751e8b465ee728b)  -> (artifact id: '865880c3784631451ea5e249b3a3ae29') in 0.044965 seconds 
========================================================================
Received Import Request.
  Time since last request: 35.890355 seconds.
  path: Assets/Gems and gold/Diamonds/Bag/PNG 256/Bag BD.png
  artifactKey: Guid(4e8fec6c73227304db191748efd57a5b) Importer(815301076,1909f56bfc062723c751e8b465ee728b)
Start importing Assets/Gems and gold/Diamonds/Bag/PNG 256/Bag BD.png using Guid(4e8fec6c73227304db191748efd57a5b) Importer(815301076,1909f56bfc062723c751e8b465ee728b)  -> (artifact id: '28431e4bb0ddd31105b9f6270ade941a') in 0.036932 seconds 
========================================================================
Received Import Request.
  Time since last request: 0.000024 seconds.
  path: Assets/Gems and gold/Diamonds Glow/Bag/PNG 256/Bag YD.png
  artifactKey: Guid(2284f112b658e254bb4dc9fecf92d78f) Importer(815301076,1909f56bfc062723c751e8b465ee728b)
Start importing Assets/Gems and gold/Diamonds Glow/Bag/PNG 256/Bag YD.png using Guid(2284f112b658e254bb4dc9fecf92d78f) Importer(815301076,1909f56bfc062723c751e8b465ee728b)  -> (artifact id: 'd661458be15583aea03abcc9b88940b1') in 0.049932 seconds 
========================================================================
Received Import Request.
  Time since last request: 0.000023 seconds.
  path: Assets/Gems and gold/Diamonds/Barrel/PNG 1024/Barrel BD.png
  artifactKey: Guid(2e01bdaa96dad244787cc98843e0ae60) Importer(815301076,1909f56bfc062723c751e8b465ee728b)
Start importing Assets/Gems and gold/Diamonds/Barrel/PNG 1024/Barrel BD.png using Guid(2e01bdaa96dad244787cc98843e0ae60) Importer(815301076,1909f56bfc062723c751e8b465ee728b)  -> (artifact id: '1a1bdd97004c6d6d679b3a5e7e153dfa') in 0.089344 seconds 
========================================================================
Received Import Request.
  Time since last request: 0.000028 seconds.
  path: Assets/Gems and gold/Diamonds Glow/Bag/PNG 512/Bag BD.png
  artifactKey: Guid(76d07f8b4b2bcf14088be060aa752f23) Importer(815301076,1909f56bfc062723c751e8b465ee728b)
Start importing Assets/Gems and gold/Diamonds Glow/Bag/PNG 512/Bag BD.png using Guid(76d07f8b4b2bcf14088be060aa752f23) Importer(815301076,1909f56bfc062723c751e8b465ee728b)  -> (artifact id: '92f96aa0c0540039c23446a09e7e0025') in 0.032781 seconds 
========================================================================
Received Import Request.
  Time since last request: 0.000022 seconds.
  path: Assets/Gems and gold/Diamonds Glow/Barrel/PSD/Barrel PD.psd
  artifactKey: Guid(9056bacad6082894eb1160bc0d689790) Importer(815301076,1909f56bfc062723c751e8b465ee728b)
Start importing Assets/Gems and gold/Diamonds Glow/Barrel/PSD/Barrel PD.psd using Guid(9056bacad6082894eb1160bc0d689790) Importer(815301076,1909f56bfc062723c751e8b465ee728b)  -> (artifact id: '233119f86cb07ef3061b64d02d79b940') in 0.073714 seconds 
========================================================================
Received Import Request.
  Time since last request: 0.000027 seconds.
  path: Assets/Gems and gold/Diamonds/Bag/PNG 1024/Bag ColorD.png
  artifactKey: Guid(d4e65fda08bbcad439d490fd1c532f93) Importer(815301076,1909f56bfc062723c751e8b465ee728b)
Start importing Assets/Gems and gold/Diamonds/Bag/PNG 1024/Bag ColorD.png using Guid(d4e65fda08bbcad439d490fd1c532f93) Importer(815301076,1909f56bfc062723c751e8b465ee728b)  -> (artifact id: '882a79446034d1ffe897a69ec32bce0f') in 0.072462 seconds 
========================================================================
Received Import Request.
  Time since last request: 0.000024 seconds.
  path: Assets/Gems and gold/Diamonds/Barrel/PNG 1024/Barrel PD.png
  artifactKey: Guid(9bd1024704801ba4fb97421c3106fc45) Importer(815301076,1909f56bfc062723c751e8b465ee728b)
Start importing Assets/Gems and gold/Diamonds/Barrel/PNG 1024/Barrel PD.png using Guid(9bd1024704801ba4fb97421c3106fc45) Importer(815301076,1909f56bfc062723c751e8b465ee728b)  -> (artifact id: '0b92ef79fd6b122867468334bafaf2ac') in 0.073295 seconds 
========================================================================
Received Import Request.
  Time since last request: 0.000041 seconds.
  path: Assets/Gems and gold/Diamonds/Barrel/PNG 256/Barrel BD.png
  artifactKey: Guid(e5bf4fe4defee6e4b96d57d3bd098278) Importer(815301076,1909f56bfc062723c751e8b465ee728b)
Start importing Assets/Gems and gold/Diamonds/Barrel/PNG 256/Barrel BD.png using Guid(e5bf4fe4defee6e4b96d57d3bd098278) Importer(815301076,1909f56bfc062723c751e8b465ee728b)  -> (artifact id: 'b6dcbe349e37a9b4fb6dac440d6597cf') in 0.024844 seconds 
========================================================================
Received Import Request.
  Time since last request: 0.000025 seconds.
  path: Assets/Gems and gold/Diamonds Glow/Barrel/PNG 1024/Barrel YD.png
  artifactKey: Guid(61b37010f9e0dd448bc02ee4b12a5f30) Importer(815301076,1909f56bfc062723c751e8b465ee728b)
Start importing Assets/Gems and gold/Diamonds Glow/Barrel/PNG 1024/Barrel YD.png using Guid(61b37010f9e0dd448bc02ee4b12a5f30) Importer(815301076,1909f56bfc062723c751e8b465ee728b)  -> (artifact id: '9f44696ca2069540fe5586d8d2991e0b') in 0.074316 seconds 
========================================================================
Received Import Request.
  Time since last request: 0.000023 seconds.
  path: Assets/Gems and gold/Diamonds/Barrel/PSD/Barrel ColorD.psd
  artifactKey: Guid(312af61aabb4bd74f867867fa2629ccd) Importer(815301076,1909f56bfc062723c751e8b465ee728b)
Start importing Assets/Gems and gold/Diamonds/Barrel/PSD/Barrel ColorD.psd using Guid(312af61aabb4bd74f867867fa2629ccd) Importer(815301076,1909f56bfc062723c751e8b465ee728b)  -> (artifact id: 'd81d0dce455f3b6ac87a03aebd1e463b') in 0.098061 seconds 
========================================================================
Received Import Request.
  Time since last request: 0.000034 seconds.
  path: Assets/Gems and gold/Diamonds/Bag/PSD/Bag ColorD.psd
  artifactKey: Guid(9b8de75c6e2da464e9c024d7e52273cd) Importer(815301076,1909f56bfc062723c751e8b465ee728b)
Start importing Assets/Gems and gold/Diamonds/Bag/PSD/Bag ColorD.psd using Guid(9b8de75c6e2da464e9c024d7e52273cd) Importer(815301076,1909f56bfc062723c751e8b465ee728b)  -> (artifact id: 'ed25906cd41591123bd6b2969f21ccbf') in 0.087265 seconds 
========================================================================
Received Import Request.
  Time since last request: 0.000038 seconds.
  path: Assets/Gems and gold/Diamonds/Barrel/PNG 512/Barrel YD.png
  artifactKey: Guid(fc7524a986ce86c4a9f8eafd758d0ab6) Importer(815301076,1909f56bfc062723c751e8b465ee728b)
Start importing Assets/Gems and gold/Diamonds/Barrel/PNG 512/Barrel YD.png using Guid(fc7524a986ce86c4a9f8eafd758d0ab6) Importer(815301076,1909f56bfc062723c751e8b465ee728b)  -> (artifact id: '451c5ca16674c0d727037f8f6722a398') in 0.036747 seconds 
========================================================================
Received Import Request.
  Time since last request: 0.000026 seconds.
  path: Assets/Gems and gold/Diamonds/Barrel/PNG 512/Barrel ColorD.png
  artifactKey: Guid(572f63ea38c8320408ba16f289943d89) Importer(815301076,1909f56bfc062723c751e8b465ee728b)
Start importing Assets/Gems and gold/Diamonds/Barrel/PNG 512/Barrel ColorD.png using Guid(572f63ea38c8320408ba16f289943d89) Importer(815301076,1909f56bfc062723c751e8b465ee728b)  -> (artifact id: 'dc87d865bd1adb3506507c86f91a6649') in 0.036257 seconds 
========================================================================
Received Import Request.
  Time since last request: 0.000032 seconds.
  path: Assets/Gems and gold/Diamonds/Barrel/PNG 512/Barrel BD.png
  artifactKey: Guid(51f9536d8743a454d8bc0588904efecd) Importer(815301076,1909f56bfc062723c751e8b465ee728b)
Start importing Assets/Gems and gold/Diamonds/Barrel/PNG 512/Barrel BD.png using Guid(51f9536d8743a454d8bc0588904efecd) Importer(815301076,1909f56bfc062723c751e8b465ee728b)  -> (artifact id: '552a843359d7b55adf73bca2f04d6b12') in 0.036497 seconds 
========================================================================
Received Import Request.
  Time since last request: 0.000039 seconds.
  path: Assets/Gems and gold/Diamonds/Barrel/PNG 1024/Barrel ColorD.png
  artifactKey: Guid(c884387d35a45c14281f15bfc5ea943b) Importer(815301076,1909f56bfc062723c751e8b465ee728b)
Start importing Assets/Gems and gold/Diamonds/Barrel/PNG 1024/Barrel ColorD.png using Guid(c884387d35a45c14281f15bfc5ea943b) Importer(815301076,1909f56bfc062723c751e8b465ee728b)  -> (artifact id: '0974dbaca84dfe47043c4352253e51bf') in 0.078770 seconds 
========================================================================
Received Import Request.
  Time since last request: 0.000037 seconds.
  path: Assets/Gems and gold/Diamonds Glow/Barrel/PNG 512/Barrel GD.png
  artifactKey: Guid(a7c33018509ea374585b8de5b50e1409) Importer(815301076,1909f56bfc062723c751e8b465ee728b)
Start importing Assets/Gems and gold/Diamonds Glow/Barrel/PNG 512/Barrel GD.png using Guid(a7c33018509ea374585b8de5b50e1409) Importer(815301076,1909f56bfc062723c751e8b465ee728b)  -> (artifact id: '6d838e1db67e9516667dcf46a3381799') in 0.038725 seconds 
========================================================================
Received Import Request.
  Time since last request: 0.000037 seconds.
  path: Assets/Gems and gold/Diamonds/Bag/PNG 512/Bag ColorD.png
  artifactKey: Guid(b8a0c693db229504eb81415274119e0c) Importer(815301076,1909f56bfc062723c751e8b465ee728b)
Start importing Assets/Gems and gold/Diamonds/Bag/PNG 512/Bag ColorD.png using Guid(b8a0c693db229504eb81415274119e0c) Importer(815301076,1909f56bfc062723c751e8b465ee728b)  -> (artifact id: '499bd9238e0e07843d7e5134c8d5bdf8') in 0.033632 seconds 
========================================================================
Received Import Request.
  Time since last request: 0.000029 seconds.
  path: Assets/Gems and gold/Diamonds/Barrel/PNG 1024/Barrel YD.png
  artifactKey: Guid(3281564e0671fcb4fb325acfb80b7529) Importer(815301076,1909f56bfc062723c751e8b465ee728b)
Start importing Assets/Gems and gold/Diamonds/Barrel/PNG 1024/Barrel YD.png using Guid(3281564e0671fcb4fb325acfb80b7529) Importer(815301076,1909f56bfc062723c751e8b465ee728b)  -> (artifact id: '206277f60ac48e10d4cf3a30efd2c99c') in 0.072550 seconds 
========================================================================
Received Import Request.
  Time since last request: 0.000028 seconds.
  path: Assets/Gems and gold/Diamonds Glow/Barrel/PNG 256/Barrel YD.png
  artifactKey: Guid(b7721e2d5ea8bb4448a1a9159854b640) Importer(815301076,1909f56bfc062723c751e8b465ee728b)
Start importing Assets/Gems and gold/Diamonds Glow/Barrel/PNG 256/Barrel YD.png using Guid(b7721e2d5ea8bb4448a1a9159854b640) Importer(815301076,1909f56bfc062723c751e8b465ee728b)  -> (artifact id: '630fa6cffc749deef28605aca8a9ccbd') in 0.018117 seconds 
========================================================================
Received Import Request.
  Time since last request: 0.000019 seconds.
  path: Assets/Gems and gold/Diamonds Glow/Bag/PNG 1024/Bag BD.png
  artifactKey: Guid(cb53ba1f86a66b547b769686ed094bc5) Importer(815301076,1909f56bfc062723c751e8b465ee728b)
Start importing Assets/Gems and gold/Diamonds Glow/Bag/PNG 1024/Bag BD.png using Guid(cb53ba1f86a66b547b769686ed094bc5) Importer(815301076,1909f56bfc062723c751e8b465ee728b)  -> (artifact id: '011fafdd908bc30f37d97c655a95c755') in 0.073383 seconds 
Editor requested this worker to shutdown with reason: Scaling down because of idle timeout
AssetImportWorker is now disconnected from the server
Process exiting
Exiting without the bug reporter. Application will terminate with return code 0